<?xml version="1.0" encoding="UTF-8"?>
<!-- Generated by org.testng.reporters.JUnitXMLReporter -->
<testsuite hostname="DESKTOP-CF2460A" name="Command line test" tests="9" failures="0" timestamp="22 Sep 2017 18:10:06 GMT" time="0.034" errors="0">
  <testcase name="firstgroup" time="0.001" classname="FirstTestNG.GroupTest"/>
  <testcase name="secondgroup" time="0.0" classname="FirstTestNG.GroupTest"/>
  <testcase name="UserId" time="0.001" classname="FirstTestNG.ParamsTest">
    <skipped/>
  </testcase> <!-- UserId -->
  <testcase name="firsttest" time="0.0" classname="FirstTestNG.TestNGDemo_1"/>
  <testcase name="secondtest" time="0.0" classname="FirstTestNG.TestNGDemo_1"/>
  <testcase name="thirdtest" time="0.0" classname="FirstTestNG.TestNGDemo_1"/>
  <testcase name="ichi" time="0.0" classname="FirstTestNG.TestNGDemo_2"/>
  <testcase name="ni" time="0.0" classname="FirstTestNG.TestNGDemo_2"/>
  <testcase name="san" time="0.001" classname="FirstTestNG.TestNGDemo_2"/>
</testsuite> <!-- Command line test -->
