<?xml version="1.0" encoding="UTF-8"?>
<!-- Generated by org.testng.reporters.JUnitXMLReporter -->
<testsuite hostname="DESKTOP-CF2460A" name="test in TestNG" tests="6" failures="0" timestamp="22 Sep 2017 17:22:33 GMT" time="0.016" errors="0">
  <testcase name="ichi" time="0.0" classname="FirstTestNG.TestNGDemo_2"/>
  <testcase name="ni" time="0.0" classname="FirstTestNG.TestNGDemo_2"/>
  <testcase name="san" time="0.0" classname="FirstTestNG.TestNGDemo_2"/>
  <testcase name="firsttest" time="0.0" classname="FirstTestNG.TestNGDemo_1"/>
  <testcase name="secondtest" time="0.0" classname="FirstTestNG.TestNGDemo_1"/>
  <testcase name="thirdtest" time="0.0" classname="FirstTestNG.TestNGDemo_1"/>
</testsuite> <!-- test in TestNG -->
