<?xml version="1.0" encoding="UTF-8"?>
<!-- Generated by org.testng.reporters.JUnitXMLReporter -->
<testsuite hostname="DESKTOP-CF2460A" name="test cases" tests="5" failures="0" timestamp="22 Sep 2017 17:25:06 GMT" time="0.016" errors="0">
  <testcase name="firstgroup" time="0.016" classname="FirstTestNG.GroupTest"/>
  <testcase name="secondgroup" time="0.0" classname="FirstTestNG.GroupTest"/>
  <testcase name="firsttest" time="0.0" classname="FirstTestNG.TestNGDemo_1"/>
  <testcase name="secondtest" time="0.0" classname="FirstTestNG.TestNGDemo_1"/>
  <testcase name="ni" time="0.0" classname="FirstTestNG.TestNGDemo_2"/>
</testsuite> <!-- test cases -->
