<?xml version="1.0" encoding="UTF-8"?>
<testng-results skipped="0" failed="1" total="9" passed="8">
  <reporter-output>
  </reporter-output>
  <suite name="Command line suite" duration-ms="34" started-at="2017-09-22T18:10:06Z" finished-at="2017-09-22T18:10:06Z">
    <groups>
      <group name="group 2">
        <method signature="GroupTest.secondgroup()[pri:0, instance:FirstTestNG.GroupTest@59a6e353]" name="secondgroup" class="FirstTestNG.GroupTest"/>
        <method signature="TestNGDemo_1.secondtest()[pri:0, instance:FirstTestNG.TestNGDemo_1@39ba5a14]" name="secondtest" class="FirstTestNG.TestNGDemo_1"/>
        <method signature="TestNGDemo_2.ni()[pri:0, instance:FirstTestNG.TestNGDemo_2@3d24753a]" name="ni" class="FirstTestNG.TestNGDemo_2"/>
      </group> <!-- group 2 -->
      <group name="group 1">
        <method signature="GroupTest.firstgroup()[pri:0, instance:FirstTestNG.GroupTest@59a6e353]" name="firstgroup" class="FirstTestNG.GroupTest"/>
        <method signature="TestNGDemo_1.firsttest()[pri:0, instance:FirstTestNG.TestNGDemo_1@39ba5a14]" name="firsttest" class="FirstTestNG.TestNGDemo_1"/>
      </group> <!-- group 1 -->
      <group name="group 3">
        <method signature="TestNGDemo_1.thirdtest()[pri:0, instance:FirstTestNG.TestNGDemo_1@39ba5a14]" name="thirdtest" class="FirstTestNG.TestNGDemo_1"/>
        <method signature="TestNGDemo_2.san()[pri:0, instance:FirstTestNG.TestNGDemo_2@3d24753a]" name="san" class="FirstTestNG.TestNGDemo_2"/>
      </group> <!-- group 3 -->
    </groups>
    <test name="Command line test" duration-ms="34" started-at="2017-09-22T18:10:06Z" finished-at="2017-09-22T18:10:06Z">
      <class name="FirstTestNG.TestNGDemo_1">
        <test-method status="PASS" signature="beforetest()[pri:0, instance:FirstTestNG.TestNGDemo_1@39ba5a14]" name="beforetest" is-config="true" duration-ms="6" started-at="2017-09-22T14:10:06Z" finished-at="2017-09-22T14:10:06Z">
          <reporter-output>
          </reporter-output>
        </test-method> <!-- beforetest -->
        <test-method status="PASS" signature="beforemethodtest()[pri:0, instance:FirstTestNG.TestNGDemo_1@39ba5a14]" name="beforemethodtest" is-config="true" duration-ms="0" started-at="2017-09-22T14:10:06Z" finished-at="2017-09-22T14:10:06Z">
          <reporter-output>
          </reporter-output>
        </test-method> <!-- beforemethodtest -->
        <test-method status="PASS" signature="firsttest()[pri:0, instance:FirstTestNG.TestNGDemo_1@39ba5a14]" name="firsttest" duration-ms="0" started-at="2017-09-22T14:10:06Z" finished-at="2017-09-22T14:10:06Z">
          <reporter-output>
          </reporter-output>
        </test-method> <!-- firsttest -->
        <test-method status="PASS" signature="aftermethodtest()[pri:0, instance:FirstTestNG.TestNGDemo_1@39ba5a14]" name="aftermethodtest" is-config="true" duration-ms="1" started-at="2017-09-22T14:10:06Z" finished-at="2017-09-22T14:10:06Z">
          <reporter-output>
          </reporter-output>
        </test-method> <!-- aftermethodtest -->
        <test-method status="PASS" signature="beforemethodtest()[pri:0, instance:FirstTestNG.TestNGDemo_1@39ba5a14]" name="beforemethodtest" is-config="true" duration-ms="0" started-at="2017-09-22T14:10:06Z" finished-at="2017-09-22T14:10:06Z">
          <reporter-output>
          </reporter-output>
        </test-method> <!-- beforemethodtest -->
        <test-method status="PASS" signature="secondtest()[pri:0, instance:FirstTestNG.TestNGDemo_1@39ba5a14]" name="secondtest" duration-ms="0" started-at="2017-09-22T14:10:06Z" finished-at="2017-09-22T14:10:06Z">
          <reporter-output>
          </reporter-output>
        </test-method> <!-- secondtest -->
        <test-method status="PASS" signature="beforemethodtest()[pri:0, instance:FirstTestNG.TestNGDemo_1@39ba5a14]" name="beforemethodtest" is-config="true" duration-ms="1" started-at="2017-09-22T14:10:06Z" finished-at="2017-09-22T14:10:06Z">
          <reporter-output>
          </reporter-output>
        </test-method> <!-- beforemethodtest -->
        <test-method status="PASS" signature="aftermethodtest()[pri:0, instance:FirstTestNG.TestNGDemo_1@39ba5a14]" name="aftermethodtest" is-config="true" duration-ms="0" started-at="2017-09-22T14:10:06Z" finished-at="2017-09-22T14:10:06Z">
          <reporter-output>
          </reporter-output>
        </test-method> <!-- aftermethodtest -->
        <test-method status="PASS" signature="thirdtest()[pri:0, instance:FirstTestNG.TestNGDemo_1@39ba5a14]" name="thirdtest" duration-ms="0" started-at="2017-09-22T14:10:06Z" finished-at="2017-09-22T14:10:06Z">
          <reporter-output>
          </reporter-output>
        </test-method> <!-- thirdtest -->
        <test-method status="PASS" signature="aftermethodtest()[pri:0, instance:FirstTestNG.TestNGDemo_1@39ba5a14]" name="aftermethodtest" is-config="true" duration-ms="5" started-at="2017-09-22T14:10:06Z" finished-at="2017-09-22T14:10:06Z">
          <reporter-output>
          </reporter-output>
        </test-method> <!-- aftermethodtest -->
        <test-method status="PASS" signature="aftertest()[pri:0, instance:FirstTestNG.TestNGDemo_1@39ba5a14]" name="aftertest" is-config="true" duration-ms="0" started-at="2017-09-22T14:10:06Z" finished-at="2017-09-22T14:10:06Z">
          <reporter-output>
          </reporter-output>
        </test-method> <!-- aftertest -->
      </class> <!-- FirstTestNG.TestNGDemo_1 -->
      <class name="FirstTestNG.ParamsTest">
        <test-method status="FAIL" signature="UserId(java.lang.String, java.lang.String)[pri:0, instance:FirstTestNG.ParamsTest@6a5fc7f7]" name="UserId" duration-ms="0" started-at="2017-09-22T14:10:06Z" data-provider="getData" finished-at="2017-09-22T14:10:06Z">
          <exception class="org.testng.TestNGException">
            <message>
              <![CDATA[
Data Provider public java.lang.Object[] FirstTestNG.ParamsTest.getData() must return either Object[][] or Iterator<Object>[], not class [Ljava.lang.Object;]]>
            </message>
            <full-stacktrace>
              <![CDATA[org.testng.TestNGException: 
Data Provider public java.lang.Object[] FirstTestNG.ParamsTest.getData() must return either Object[][] or Iterator<Object>[], not class [Ljava.lang.Object;
	at org.testng.internal.MethodInvocationHelper.invokeDataProvider(MethodInvocationHelper.java:137)
	at org.testng.internal.Parameters.handleParameters(Parameters.java:426)
	at org.testng.internal.Invoker.handleParameters(Invoker.java:1383)
	at org.testng.internal.Invoker.createParameters(Invoker.java:1075)
	at org.testng.internal.Invoker.invokeTestMethods(Invoker.java:1180)
	at org.testng.internal.TestMethodWorker.invokeTestMethods(TestMethodWorker.java:127)
	at org.testng.internal.TestMethodWorker.run(TestMethodWorker.java:111)
	at org.testng.TestRunner.privateRun(TestRunner.java:767)
	at org.testng.TestRunner.run(TestRunner.java:617)
	at org.testng.SuiteRunner.runTest(SuiteRunner.java:334)
	at org.testng.SuiteRunner.runSequentially(SuiteRunner.java:329)
	at org.testng.SuiteRunner.privateRun(SuiteRunner.java:291)
	at org.testng.SuiteRunner.run(SuiteRunner.java:240)
	at org.testng.SuiteRunnerWorker.runSuite(SuiteRunnerWorker.java:52)
	at org.testng.SuiteRunnerWorker.run(SuiteRunnerWorker.java:86)
	at org.testng.TestNG.runSuitesSequentially(TestNG.java:1198)
	at org.testng.TestNG.runSuitesLocally(TestNG.java:1123)
	at org.testng.TestNG.run(TestNG.java:1031)
	at org.apache.maven.surefire.testng.TestNGExecutor.run(TestNGExecutor.java:77)
	at org.apache.maven.surefire.testng.TestNGDirectoryTestSuite.executeMulti(TestNGDirectoryTestSuite.java:159)
	at org.apache.maven.surefire.testng.TestNGDirectoryTestSuite.execute(TestNGDirectoryTestSuite.java:99)
	at org.apache.maven.surefire.testng.TestNGProvider.invoke(TestNGProvider.java:106)
	at sun.reflect.NativeMethodAccessorImpl.invoke0(Native Method)
	at sun.reflect.NativeMethodAccessorImpl.invoke(NativeMethodAccessorImpl.java:62)
	at sun.reflect.DelegatingMethodAccessorImpl.invoke(DelegatingMethodAccessorImpl.java:43)
	at java.lang.reflect.Method.invoke(Method.java:498)
	at org.apache.maven.surefire.util.ReflectionUtils.invokeMethodWithArray(ReflectionUtils.java:189)
	at org.apache.maven.surefire.booter.ProviderFactory$ProviderProxy.invoke(ProviderFactory.java:165)
	at org.apache.maven.surefire.booter.ProviderFactory.invokeProvider(ProviderFactory.java:85)
	at org.apache.maven.surefire.booter.ForkedBooter.runSuitesInProcess(ForkedBooter.java:115)
	at org.apache.maven.surefire.booter.ForkedBooter.main(ForkedBooter.java:75)
]]>
            </full-stacktrace>
          </exception> <!-- org.testng.TestNGException -->
          <reporter-output>
          </reporter-output>
        </test-method> <!-- UserId -->
      </class> <!-- FirstTestNG.ParamsTest -->
      <class name="FirstTestNG.TestNGDemo_2">
        <test-method status="PASS" signature="ichi()[pri:0, instance:FirstTestNG.TestNGDemo_2@3d24753a]" name="ichi" duration-ms="0" started-at="2017-09-22T14:10:06Z" finished-at="2017-09-22T14:10:06Z">
          <reporter-output>
          </reporter-output>
        </test-method> <!-- ichi -->
        <test-method status="PASS" signature="ni()[pri:0, instance:FirstTestNG.TestNGDemo_2@3d24753a]" name="ni" duration-ms="0" started-at="2017-09-22T14:10:06Z" finished-at="2017-09-22T14:10:06Z">
          <reporter-output>
          </reporter-output>
        </test-method> <!-- ni -->
        <test-method status="PASS" signature="san()[pri:0, instance:FirstTestNG.TestNGDemo_2@3d24753a]" name="san" duration-ms="1" started-at="2017-09-22T14:10:06Z" finished-at="2017-09-22T14:10:06Z">
          <reporter-output>
          </reporter-output>
        </test-method> <!-- san -->
      </class> <!-- FirstTestNG.TestNGDemo_2 -->
      <class name="FirstTestNG.GroupTest">
        <test-method status="PASS" signature="firstgroup()[pri:0, instance:FirstTestNG.GroupTest@59a6e353]" name="firstgroup" duration-ms="1" started-at="2017-09-22T14:10:06Z" finished-at="2017-09-22T14:10:06Z">
          <reporter-output>
          </reporter-output>
        </test-method> <!-- firstgroup -->
        <test-method status="PASS" signature="secondgroup()[pri:0, instance:FirstTestNG.GroupTest@59a6e353]" name="secondgroup" duration-ms="0" started-at="2017-09-22T14:10:06Z" finished-at="2017-09-22T14:10:06Z">
          <reporter-output>
          </reporter-output>
        </test-method> <!-- secondgroup -->
      </class> <!-- FirstTestNG.GroupTest -->
    </test> <!-- Command line test -->
  </suite> <!-- Command line suite -->
</testng-results>
